<?xml version="1.0" encoding="UTF-8"?>
<!-- Generated by org.testng.reporters.JUnitReportReporter -->
<testsuite hostname="LAPTOP-T22UOKH9" failures="0" tests="1" name="runner2.SearchIrreleventRunner2" time="7.771" errors="0" timestamp="2024-07-17T11:06:41 IST" skipped="0">
  <testcase classname="runner2.SearchIrreleventRunner2" name="runScenario" time="7.771"/>
</testsuite> <!-- runner2.SearchIrreleventRunner2 -->
