<?xml version="1.0" encoding="UTF-8"?>
<!-- Generated by org.testng.reporters.JUnitReportReporter -->
<testsuite hostname="LAPTOP-T22UOKH9" failures="0" tests="1" name="runner1.SearchFilteringRunner1" time="22.210" errors="0" timestamp="2024-07-17T11:03:14 IST" skipped="0">
  <testcase classname="runner1.SearchFilteringRunner1" name="runScenario" time="22.210"/>
</testsuite> <!-- runner1.SearchFilteringRunner1 -->
